Start.java using configuration file org/ofbiz/base/start/start.properties
Set OFBIZ_HOME to - /home/ramprasad/smeAccounting/accounting
Admin socket configured on - /127.0.0.1:10523
Warning : Module classpath component '/home/ramprasad/smeAccounting/accounting/applications/accounting/lib/worldpay' is not valid and will be ignored...
2012-08-06 17:20:00,420 (main) [ ComponentContainer.java:157:ERROR] Cannot load component :  @ humanresext : The given component root location is not a directory: /home/ramprasad/smeAccounting/accounting/hot-deploy/humanresext/
2012-08-06 17:20:00,421 (main) [ ComponentContainer.java:161:ERROR] Cannot load component :  @ humanresext
2012-08-06 17:20:00,451 (main) [ ComponentContainer.java:157:ERROR] Cannot load component :  @ smebiz-common : Could not find the ofbiz-component.xml configuration file in the component root location: /home/ramprasad/smeAccounting/accounting/hot-deploy/smebiz-common/
2012-08-06 17:20:00,451 (main) [ ComponentContainer.java:161:ERROR] Cannot load component :  @ smebiz-common
2012-08-06 17:20:01,109 (main) [            UtilXml.java:1062:ERROR] XmlFileLoader: File file:/home/ramprasad/smeAccounting/accounting/framework/entity/config/entityengine.xml process error. Line: 17. Error message: cvc-complex-type.2.4.a: Invalid content was found starting with element 'debug-xa-resources'. One of '{delegator}' is expected.
Loaded ESAPI properties from classpath
  ========Master Configuration========
  |   LogEncodingRequired=false
  |   LogLevel=ALL
  |   MaxUploadFileBytes=500000000
  |   ResponseContentType=text/html; charset=UTF-8
  |   ValidExtensions=.zip,.pdf,.doc,.docx,.ppt,.pptx,.tar,.gz,.tgz,.rar,.war,.jar,.ear,.xls,.rtf,.properties,.java,.class,.txt,.xml,.jsp,.jsf,.exe,.dll
  |   Validator.AccountName=^[a-zA-Z0-9]{3,20}$
  |   Validator.CreditCard=^(\d{4}[- ]?){3}\d{4}$
  |   Validator.DirectoryName=^[a-zA-Z0-9.-\_ ]{0,255}$
  |   Validator.Email=^[A-Za-z0-9._%-]+@[A-Za-z0-9.-]+\.[a-zA-Z]{2,4}$
  |   Validator.FileName=^[a-zA-Z0-9.\-_ ]{0,255}$
  |   Validator.HTTPCookieName=^[a-zA-Z0-9\-_]{0,32}$
  |   Validator.HTTPCookieValue=^[a-zA-Z0-9\-\/+=_ ]*$
  |   Validator.HTTPHeaderName=^[a-zA-Z0-9\-_]{0,32}$
  |   Validator.HTTPHeaderValue=^[a-zA-Z0-9()\-=\*\.\?;,+\/:&_ ]*$
  |   Validator.HTTPParameterName=^[a-zA-Z0-9_]{0,32}$
  |   Validator.HTTPParameterValue=^[a-zA-Z0-9.\-\/+=_ ]*$
  |   Validator.IPAddress=^(?:(?:25[0-5]|2[0-4][0-9]|[01]?[0-9][0-9]?)\.){3}(?:25[0-5]|2[0-4][0-9]|[01]?[0-9][0-9]?)$
  |   Validator.Redirect=^\/test.*$
  |   Validator.RoleName=^[a-z]{1,20}$
  |   Validator.SSN=^(?!000)([0-6]\d{2}|7([0-6]\d|7[012]))([ -]?)(?!00)\d\d\3(?!0000)\d{4}$
  |   Validator.SafeString=^[p{L}p{N}.]{0,1024}$
  |   Validator.SystemCommand=^[a-zA-Z\-\/]{0,64}$
  |   Validator.URL=^(ht|f)tp(s?)\:\/\/[0-9a-zA-Z]([-.\w]*[0-9a-zA-Z])*(:(0-9)*)*(\/?)([a-zA-Z0-9\-\.\?\,\:\'\/\\\+=&amp;%\$#_]*)?$
  |   event.test.actions=disable,log
  |   event.test.count=2
  |   event.test.interval=10
  |   org.owasp.esapi.errors.IntegrityException.actions=log,disable,logout
  |   org.owasp.esapi.errors.IntegrityException.count=10
  |   org.owasp.esapi.errors.IntegrityException.interval=5
  |   org.owasp.esapi.errors.IntrusionException.actions=log,disable,logout
  |   org.owasp.esapi.errors.IntrusionException.count=1
  |   org.owasp.esapi.errors.IntrusionException.interval=1
2012-08-06 17:21:27,492 (main) [      ExecutionPool.java:108:ERROR] 
---- exception report ----------------------------------------------------------
Exception: java.util.concurrent.ExecutionException
Message: org.ofbiz.base.container.ContainerException: java.io.FileNotFoundException: /home/ramprasad/smeAccounting/accounting/framework/images/../../runtime/tempfiles/WEB-INF/web.xml (No such file or directory) (/home/ramprasad/smeAccounting/accounting/framework/images/../../runtime/tempfiles/WEB-INF/web.xml (No such file or directory))
---- cause ---------------------------------------------------------------------
Exception: org.ofbiz.base.container.ContainerException
Message: java.io.FileNotFoundException: /home/ramprasad/smeAccounting/accounting/framework/images/../../runtime/tempfiles/WEB-INF/web.xml (No such file or directory) (/home/ramprasad/smeAccounting/accounting/framework/images/../../runtime/tempfiles/WEB-INF/web.xml (No such file or directory))
---- cause ---------------------------------------------------------------------
Exception: java.io.FileNotFoundException
Message: /home/ramprasad/smeAccounting/accounting/framework/images/../../runtime/tempfiles/WEB-INF/web.xml (No such file or directory)
---- stack trace ---------------------------------------------------------------
java.io.FileNotFoundException: /home/ramprasad/smeAccounting/accounting/framework/images/../../runtime/tempfiles/WEB-INF/web.xml (No such file or directory)
java.io.FileInputStream.open(Native Method)
java.io.FileInputStream.<init>(FileInputStream.java:120)
java.io.FileInputStream.<init>(FileInputStream.java:79)
sun.net.www.protocol.file.FileURLConnection.connect(FileURLConnection.java:70)
sun.net.www.protocol.file.FileURLConnection.getInputStream(FileURLConnection.java:161)
java.net.URL.openStream(URL.java:1010)
org.ofbiz.base.util.UtilXml.readXmlDocument(UtilXml.java:375)
org.ofbiz.base.util.UtilXml.readXmlDocument(UtilXml.java:366)
org.ofbiz.catalina.container.CatalinaContainer.configureContext(CatalinaContainer.java:633)
org.ofbiz.catalina.container.CatalinaContainer.access$000(CatalinaContainer.java:146)
org.ofbiz.catalina.container.CatalinaContainer$1.call(CatalinaContainer.java:598)
org.ofbiz.catalina.container.CatalinaContainer$1.call(CatalinaContainer.java:596)
java.util.concurrent.FutureTask$Sync.innerRun(FutureTask.java:303)
java.util.concurrent.FutureTask.run(FutureTask.java:138)
java.util.concurrent.ScheduledThreadPoolExecutor$ScheduledFutureTask.access$301(ScheduledThreadPoolExecutor.java:98)
java.util.concurrent.ScheduledThreadPoolExecutor$ScheduledFutureTask.run(ScheduledThreadPoolExecutor.java:206)
java.util.concurrent.ThreadPoolExecutor$Worker.runTask(ThreadPoolExecutor.java:886)
java.util.concurrent.ThreadPoolExecutor$Worker.run(ThreadPoolExecutor.java:908)
java.lang.Thread.run(Thread.java:662)
--------------------------------------------------------------------------------

2012-08-06 17:21:37,823 (pool-2-thread-1) [  WebappClassLoader.java:2267:ERROR] The web application [/webslinger] appears to have started a thread named [TTLObject(0) pulse] but has failed to stop it. This is very likely to create a memory leak.
2012-08-06 17:21:37,824 (pool-2-thread-1) [  WebappClassLoader.java:2267:ERROR] The web application [/webslinger] appears to have started a thread named [ReferenceCleaner] but has failed to stop it. This is very likely to create a memory leak.
2012-08-06 17:21:37,825 (pool-2-thread-1) [  WebappClassLoader.java:2267:ERROR] The web application [/webslinger] appears to have started a thread named [ThreadPool-0] but has failed to stop it. This is very likely to create a memory leak.
2012-08-06 17:21:37,825 (pool-2-thread-1) [  WebappClassLoader.java:2267:ERROR] The web application [/webslinger] appears to have started a thread named [ThreadPool-1] but has failed to stop it. This is very likely to create a memory leak.
2012-08-06 17:21:37,826 (pool-2-thread-1) [  WebappClassLoader.java:2267:ERROR] The web application [/webslinger] appears to have started a thread named [TTLObject(async-update)-0] but has failed to stop it. This is very likely to create a memory leak.
2012-08-06 17:21:37,827 (pool-2-thread-1) [  WebappClassLoader.java:2267:ERROR] The web application [/webslinger] appears to have started a thread named [TTLObject(async-update)-1] but has failed to stop it. This is very likely to create a memory leak.
